C51 COMPILER V9.59.0.0   ADC_READ                                                          05/28/2019 01:21:32 PAGE 1   


C51 COMPILER V9.59.0.0, COMPILATION OF MODULE ADC_READ
OBJECT MODULE PLACED IN .\Objects\ADC_Read.obj
COMPILER INVOKED BY: D:\Keil\C51\BIN\C51.EXE ADC_Read.c OPTIMIZE(8,SPEED) BROWSE DEBUG OBJECTEXTEND PRINT(.\Listings\ADC
                    -_Read.lst) TABS(2) OBJECT(.\Objects\ADC_Read.obj)

line level    source

   1          #include<reg51.h>
   2          
   3          unsigned int ADC_Read()
   4          {
   5   1        unsigned int x = P1;
   6   1        unsigned int i;
   7   1        unsigned int value = 1;
   8   1        if (x == 179)
   9   1          return (35);
  10   1        for (i = 0; i < 36; i++)
  11   1        {
  12   2          if (value == x)
  13   2          {
  14   3            return (i);
  15   3          }
  16   2          if (i == 3 || i == 12 || i == 21 || i == 30 || i == 34)
  17   2            value = value + 6;
  18   2          else
  19   2            value = value + 5;
  20   2        }
  21   1        return (0);
  22   1      }


MODULE INFORMATION:   STATIC OVERLAYABLE
   CODE SIZE        =     88    ----
   CONSTANT SIZE    =   ----    ----
   XDATA SIZE       =   ----    ----
   PDATA SIZE       =   ----    ----
   DATA SIZE        =   ----    ----
   IDATA SIZE       =   ----    ----
   BIT SIZE         =   ----    ----
END OF MODULE INFORMATION.


C51 COMPILATION COMPLETE.  0 WARNING(S),  0 ERROR(S)
