C51 COMPILER V9.59.0.0   DELAY_MS                                                          05/28/2019 11:47:05 PAGE 1   


C51 COMPILER V9.59.0.0, COMPILATION OF MODULE DELAY_MS
OBJECT MODULE PLACED IN .\Objects\Delay_ms.obj
COMPILER INVOKED BY: D:\Keil\C51\BIN\C51.EXE Delay_ms.c OPTIMIZE(8,SPEED) BROWSE DEBUG OBJECTEXTEND PRINT(.\Listings\Del
                    -ay_ms.lst) TABS(2) OBJECT(.\Objects\Delay_ms.obj)

line level    source

   1          #include <reg51.h>
   2          //functie care creeaza un delay de n ms
   3          void delay_ms()
   4          {
   5   1        TMOD = 0x01;
   6   1        TH0 = 0xFC;
   7   1        TL0 = 0x66;
   8   1        TR0 = 1;
   9   1        while(TF0 == 0)
  10   1          ;
  11   1        TF0 = 0;
  12   1        TR0 = 0;
  13   1      }


MODULE INFORMATION:   STATIC OVERLAYABLE
   CODE SIZE        =     19    ----
   CONSTANT SIZE    =   ----    ----
   XDATA SIZE       =   ----    ----
   PDATA SIZE       =   ----    ----
   DATA SIZE        =   ----    ----
   IDATA SIZE       =   ----    ----
   BIT SIZE         =   ----    ----
END OF MODULE INFORMATION.


C51 COMPILATION COMPLETE.  0 WARNING(S),  0 ERROR(S)
