C51 COMPILER V9.59.0.0   DISPLAY_NUMBER                                                    05/28/2019 11:48:31 PAGE 1   


C51 COMPILER V9.59.0.0, COMPILATION OF MODULE DISPLAY_NUMBER
OBJECT MODULE PLACED IN .\Objects\Display_number.obj
COMPILER INVOKED BY: D:\Keil\C51\BIN\C51.EXE Display_number.c OPTIMIZE(8,SPEED) BROWSE DEBUG OBJECTEXTEND PRINT(.\Listin
                    -gs\Display_number.lst) TABS(2) OBJECT(.\Objects\Display_number.obj)

line level    source

   1          #include<reg51.h>
   2          
   3          sbit RS = P3^4;
   4          sbit RW = P3^5;
   5          sbit EN = P3^6;
   6          
   7          void display_digit(unsigned int dig);
   8          void send_instr(unsigned int instruct);
   9          void delay_ms();
  10          void display_upper(unsigned int x);
  11          void display_lower(unsigned int x);
  12          
  13          void display_number(unsigned int Adc, unsigned int ref)
  14          {
  15   1        display_upper(Adc);
  16   1        display_lower(ref);
  17   1      }
  18          
  19          void display_upper(unsigned int x)
  20          {
  21   1        RS = 0;
  22   1        //setez pozitia dorita
  23   1        send_instr(140);
  24   1        RS = 1;
  25   1        delay_ms();
  26   1        //MSB
  27   1        display_digit(x/10);
  28   1        delay_ms();
  29   1        //LSB
  30   1        display_digit(x%10);
  31   1        send_instr(223);
  32   1      }
  33          
  34          void display_lower(unsigned int x)
  35          {
  36   1        RS = 0;
  37   1        //setez pozitia dorita
  38   1        send_instr(204);
  39   1        RS = 1;
  40   1        delay_ms();
  41   1        //MSB
  42   1        display_digit(x/10);
  43   1        delay_ms();
  44   1        //LSB
  45   1        display_digit(x%10);
  46   1        send_instr(223);
  47   1      }
  48          
  49          void display_digit(unsigned int dig)
  50          {
  51   1        RS = 1;
  52   1        send_instr(dig + 48);
  53   1      }

C51 COMPILER V9.59.0.0   DISPLAY_NUMBER                                                    05/28/2019 11:48:31 PAGE 2   


MODULE INFORMATION:   STATIC OVERLAYABLE
   CODE SIZE        =    135    ----
   CONSTANT SIZE    =   ----    ----
   XDATA SIZE       =   ----    ----
   PDATA SIZE       =   ----    ----
   DATA SIZE        =   ----       6
   IDATA SIZE       =   ----    ----
   BIT SIZE         =   ----    ----
END OF MODULE INFORMATION.


C51 COMPILATION COMPLETE.  0 WARNING(S),  0 ERROR(S)
